\BOOKMARK [1][-]{section.1}{\376\377\000W\000y\000k\001\102\000a\000d\000\040\000I}{}% 1
\BOOKMARK [2][-]{subsection.1.1}{\376\377\000A\000k\000s\000j\000o\000m\000a\000t\000\040\000Z\000u\000p\000e\001\102\000n\000o\001\133\000c\000i}{section.1}% 2
\BOOKMARK [2][-]{subsection.1.2}{\376\377\000W\000a\000r\000t\000o\001\133\001\007\000\040\000b\000e\000z\000w\000z\000g\000l\001\031\000d\000n\000a}{section.1}% 3
\BOOKMARK [1][-]{section.2}{\376\377\000W\000y\000k\001\102\000a\000d\000\040\000I\000I}{}% 4
\BOOKMARK [1][-]{section.3}{\376\377\000W\000y\000k\001\102\000a\000d\000\040\000I\000I\000I}{}% 5
\BOOKMARK [1][-]{section.4}{\376\377\000W\000y\000k\001\102\000a\000d\000\040\000I\000V}{}% 6
\BOOKMARK [2][-]{subsection.4.1}{\376\377\000K\000r\000y\000t\000e\000r\000i\000a\000\040\000z\000b\000i\000e\001\174\000n\000o\001\133\000c\000i\000\040\000s\000z\000e\000r\000e\000g\000\363\000w}{section.4}% 7
\BOOKMARK [2][-]{subsection.4.2}{\376\377\000F\000u\000n\000k\000c\000j\000e}{section.4}% 8
\BOOKMARK [1][-]{section.5}{\376\377\000W\000y\000k\001\102\000a\000d\000\040\000V}{}% 9
\BOOKMARK [2][-]{subsection.5.1}{\376\377\000T\000r\000y\000g\000o\000n\000o\000m\000e\000t\000r\000i\000a}{section.5}% 10
\BOOKMARK [2][-]{subsection.5.2}{\376\377\000F\000u\000n\000k\000c\000j\000e\000\040\000o\000d\000w\000r\000o\000t\000n\000e\000\040\000d\000o\000\040\000t\000r\000y\000g\000o\000n\000o\000m\000e\000t\000r\000y\000c\000z\000n\000y\000c\000h}{section.5}% 11
\BOOKMARK [2][-]{subsection.5.3}{\376\377\000F\000u\000n\000k\000c\000j\000e\000\040\000h\000i\000p\000e\000r\000b\000o\000l\000i\000c\000z\000n\000e}{section.5}% 12
\BOOKMARK [2][-]{subsection.5.4}{\376\377\000F\000u\000n\000k\000c\000j\000e\000\040\000s\000i\000g\000m\000o\000i\000d\000a\000l\000n\000e}{section.5}% 13
\BOOKMARK [2][-]{subsection.5.5}{\376\377\000F\000u\000n\000k\000c\000j\000e\000\040\000o\000k\000r\000e\000s\000o\000w\000e}{section.5}% 14
\BOOKMARK [2][-]{subsection.5.6}{\376\377\000F\000u\000n\000k\000c\000j\000e\000\040\000e\000g\000z\000o\000t\000y\000c\000z\000n\000e}{section.5}% 15
\BOOKMARK [2][-]{subsection.5.7}{\376\377\000\050\000H\000e\000i\000n\000e\000\051\000\040\000G\000r\000a\000n\000i\000c\000a\000\040\000f\000u\000n\000k\000c\000j\000i}{section.5}% 16
\BOOKMARK [2][-]{subsection.5.8}{\376\377\000\050\000C\000a\000u\000c\000h\000y\000\051\000\040\000G\000r\000a\000n\000i\000c\000a\000\040\000f\000u\000n\000k\000c\000j\000i}{section.5}% 17
\BOOKMARK [2][-]{subsection.5.9}{\376\377\000G\000r\000a\000n\000i\000c\000e\000\040\000J\000e\000d\000n\000o\000s\000t\000r\000o\000n\000n\000e}{section.5}% 18
\BOOKMARK [2][-]{subsection.5.10}{\376\377\000G\000r\000a\000n\000i\000c\000a\000\040\000w\000\040\000n\000i\000e\000s\000k\000o\001\104\000c\000z\000o\000n\000o\001\133\000c\000i}{section.5}% 19
\BOOKMARK [2][-]{subsection.5.11}{\376\377\000T\000w\000i\000e\000r\000d\000z\000e\000n\000i\000e\000\040\000o\000\040\000a\000r\000y\000t\000m\000e\000t\000y\000c\000e\000\040\000g\000r\000a\000n\000i\000c}{section.5}% 20
\BOOKMARK [2][-]{subsection.5.12}{\376\377\000T\000w\000i\000e\000r\000d\000z\000e\000n\000i\000e\000\040\000o\000\040\000t\000r\000z\000e\000c\000h\000\040\000f\000u\000n\000k\000c\000j\000a\000c\000h}{section.5}% 21
\BOOKMARK [2][-]{subsection.5.13}{\376\377\000N\000o\000t\000a\000c\000j\000a\000\040\000d\000u\001\174\000e\000\040\000O\000,\000\040\000n\000o\000t\000a\000c\000j\000a\000\040\000a\000s\000y\000m\000p\000t\000o\000t\000y\000c\000z\000n\000a}{section.5}% 22
\BOOKMARK [1][-]{section.6}{\376\377\000W\000y\000k\001\102\000a\000d\000\040\000V\000I}{}% 23
\BOOKMARK [2][-]{subsection.6.1}{\376\377\000A\000s\000y\000m\000p\000t\000o\000t\000y}{section.6}% 24
\BOOKMARK [2][-]{subsection.6.2}{\376\377\000C\000i\001\005\000g\001\102\000o\001\133\001\007\000\040\000f\000u\000n\000k\000c\000j\000i}{section.6}% 25
\BOOKMARK [2][-]{subsection.6.3}{\376\377\000M\000n\000o\001\174\000e\000n\000i\000e\000\040\000s\000z\000e\000r\000e\000g\000\363\000w}{section.6}% 26
\BOOKMARK [2][-]{subsection.6.4}{\376\377\000F\000u\000n\000k\000c\000j\000a\000\040\000e\000x\000p\000\050\000x\000\051}{section.6}% 27
\BOOKMARK [1][-]{section.7}{\376\377\000W\000y\000k\001\102\000a\000d\000\040\000V\000I\000I}{}% 28
\BOOKMARK [1][-]{section.8}{\376\377\000W\000y\000k\001\102\000a\000d\000\040\000V\000I\000I\000I}{}% 29
\BOOKMARK [2][-]{subsection.8.1}{\376\377\000S\000u\000m\000a\000\040\000i\000\040\000i\000l\000o\000c\000z\000y\000n\000\040\000p\000o\000c\000h\000o\000d\000n\000y\000c\000h}{section.8}% 30
\BOOKMARK [2][-]{subsection.8.2}{\376\377\000O\000d\000w\000o\001\102\000a\000n\000i\000e\000\040\000-\000\040\000o\000d\000w\000z\000o\000r\000o\000w\000a\000n\000i\000e\000\040\000l\000i\000n\000i\000o\000w\000e}{section.8}% 31
\BOOKMARK [2][-]{subsection.8.3}{\376\377\000O\000d\000w\000r\000o\000t\000n\000o\001\133\001\007\000\040\000p\000o\000c\000h\000o\000d\000n\000e\000j}{section.8}% 32
\BOOKMARK [2][-]{subsection.8.4}{\376\377\000P\000o\000c\000h\000o\000d\000n\000a\000\040\000i\000l\000o\000r\000a\000z\000u}{section.8}% 33
\BOOKMARK [2][-]{subsection.8.5}{\376\377\000P\000o\000c\000h\000o\000d\000n\000e\000\040\000[\000e\000]}{section.8}% 34
\BOOKMARK [2][-]{subsection.8.6}{\376\377\000P\000o\000c\000h\000o\000d\000n\000a\000\040\000f\000u\000n\000k\000c\000j\000i\000\040\000o\000d\000w\000r\000o\000t\000n\000e\000j}{section.8}% 35
\BOOKMARK [1][-]{section.9}{\376\377\000W\000y\000k\001\102\000a\000d\000\040\000I\000X}{}% 36
\BOOKMARK [2][-]{subsection.9.1}{\376\377\000P\000o\000c\000h\000o\000d\000n\000a\000\040\000f\000u\000n\000k\000c\000j\000i\000\040\000z\001\102\000o\001\174\000o\000n\000e\000j}{section.9}% 37
\BOOKMARK [1][-]{section.10}{\376\377\000W\000y\000k\001\102\000a\000d\000\040\000X}{}% 38
\BOOKMARK [2][-]{subsection.10.1}{\376\377\000F\000u\000n\000k\000c\000j\000e\000\040\000H\000i\000p\000e\000r\000b\000o\000l\000i\000c\000z\000n\000e}{section.10}% 39
\BOOKMARK [2][-]{subsection.10.2}{\376\377\000I\000n\000t\000e\000r\000p\000r\000e\000t\000a\000c\000j\000a\000\040\000g\000e\000o\000m\000e\000t\000r\000y\000c\000z\000n\000a\000\040\000z\000n\000a\000k\000u\000\040\000p\000o\000c\000h\000o\000d\000n\000e\000j}{section.10}% 40
\BOOKMARK [2][-]{subsection.10.3}{\376\377\000P\000o\000c\000h\000o\000d\000n\000e\000\040\000w\000y\001\174\000s\000z\000y\000c\000h\000\040\000r\000z\001\031\000d\000\363\000w}{section.10}% 41
\BOOKMARK [2][-]{subsection.10.4}{\376\377\000W\000z\000\363\000r\000\040\000T\000a\000y\000l\000o\000r\000a}{section.10}% 42
\BOOKMARK [2][-]{subsection.10.5}{\376\377\000W\000y\000p\000u\000k\001\102\000o\001\133\001\007\000\040\000f\000u\000n\000k\000c\000j\000i}{section.10}% 43
\BOOKMARK [2][-]{subsection.10.6}{\376\377\000N\000i\000e\000r\000\363\000w\000n\000o\001\133\001\007\000\040\000J\000e\000n\000s\000e\000n\000a}{section.10}% 44
\BOOKMARK [2][-]{subsection.10.7}{\376\377\000P\000r\000o\000b\000l\000e\000m\000\040\000o\000p\000y\000m\000a\000l\000i\000z\000a\000c\000y\000j\000n\000y}{section.10}% 45
\BOOKMARK [2][-]{subsection.10.8}{\376\377\000F\000u\000n\000k\000c\000j\000e\000\040\000S\000i\000g\000m\000o\000i\000d\000a\000l\000n\000e}{section.10}% 46
\BOOKMARK [2][-]{subsection.10.9}{\376\377\000E\000r\000r\000o\000r\000\040\000f\000u\000n\000c\000t\000i\000o\000n}{section.10}% 47
\BOOKMARK [1][-]{section.11}{\376\377\000W\000y\000k\001\102\000a\000d\000\040\000X\000I}{}% 48
\BOOKMARK [2][-]{subsection.11.1}{\376\377\000T\000e\000c\000h\000n\000i\000k\000i\000\040\000c\000a\001\102\000k\000o\000w\000a\000n\000i\000a}{section.11}% 49
\BOOKMARK [2][-]{subsection.11.2}{\376\377\000C\000a\001\102\000k\000o\000w\000a\000n\000i\000e\000\040\000p\000r\000z\000e\000z\000\040\000c\000z\001\031\001\133\000c\000i}{section.11}% 50
\BOOKMARK [2][-]{subsection.11.3}{\376\377\000C\000a\001\102\000k\000o\000w\000a\000n\000i\000e\000\040\000p\000r\000z\000e\000z\000\040\000p\000o\000d\000s\000t\000a\000w\000i\000e\000n\000i\000e}{section.11}% 51
\BOOKMARK [2][-]{subsection.11.4}{\376\377\000P\000a\000s\000k\000u\000d\000n\000y\000\040\000a\000l\000g\000o\000r\000y\000t\000m\000\040\000c\000a\001\102\000k\000o\000w\000a\000n\000i\000a\000\040\000f\000u\000n\000k\000c\000j\000i\000\040\000w\000y\000m\000i\000e\000r\000n\000y\000c\000h}{section.11}% 52
\BOOKMARK [1][-]{section.12}{\376\377\000W\000y\000k\001\102\000a\000d\000\040\000X\000I\000I}{}% 53
\BOOKMARK [2][-]{subsection.12.1}{\376\377\000P\000r\000z\000e\000z\000\040\000c\000z\001\031\001\133\000c\000i\000\040\000d\000l\000a\000\040\000c\000a\001\102\000e\000k\000\040\000o\000z\000n\000a\000c\000z\000o\000n\000y\000c\000h}{section.12}% 54
\BOOKMARK [2][-]{subsection.12.2}{\376\377\000Z\000a\000m\000i\000a\000n\000a\000\040\000z\000m\000i\000e\000n\000n\000y\000c\000h\000\040\000w\000\040\000c\000a\001\102\000k\000a\000c\000h\000\040\000o\000z\000n\000a\000c\000z\000o\000n\000y\000c\000h}{section.12}% 55
\BOOKMARK [2][-]{subsection.12.3}{\376\377\000Z\000a\000s\000t\000o\000s\000o\000w\000a\000n\000i\000a\000\040\000c\000a\001\102\000e\000k}{section.12}% 56
\BOOKMARK [2][-]{subsection.12.4}{\376\377\000P\000o\000l\000e\000\040\000p\000o\000d\000\040\000w\000y\000k\000r\000e\000s\000e\000m}{section.12}% 57
\BOOKMARK [2][-]{subsection.12.5}{\376\377\000D\001\102\000u\000g\000o\001\133\001\007\000\040\001\102\000u\000k\000u\000\040\000k\000r\000z\000y\000w\000e\000j}{section.12}% 58
\BOOKMARK [2][-]{subsection.12.6}{\376\377\000P\000o\000l\000a\000\040\000p\000o\000w\000i\000e\000r\000z\000c\000h\000n\000i\000\040\000i\000\040\000o\000b\000j\001\031\000t\000o\001\133\000c\000i\000\040\000b\000r\000y\001\102\000\040\000o\000b\000r\000o\000t\000o\000w\000y\000c\000h}{section.12}% 59
\BOOKMARK [2][-]{subsection.12.7}{\376\377\000C\000a\001\102\000k\000i\000\040\000n\000i\000e\000w\001\102\000a\001\133\000c\000i\000w\000e\000\040\000p\000i\000e\000r\000w\000s\000z\000e\000g\000o\000\040\000r\000o\000d\000z\000a\000j\000u}{section.12}% 60
