\BOOKMARK [1][-]{section.1}{\376\377\000W\000y\000k\001\102\000a\000d\000\040\000I}{}% 1
\BOOKMARK [2][-]{subsection.1.1}{\376\377\000I\000l\000o\000c\000z\000y\000n\000\040\000s\000k\000a\000l\000a\000r\000n\000y}{section.1}% 2
\BOOKMARK [2][-]{subsection.1.2}{\376\377\000K\001\005\000t\000\040\000m\000i\001\031\000d\000z\000y\000\040\000w\000e\000k\000t\000o\000r\000a\000m\000i}{section.1}% 3
\BOOKMARK [2][-]{subsection.1.3}{\376\377\000P\000r\000z\000e\000s\000t\000r\000z\000e\001\104\000\040\000m\000e\000t\000r\000y\000c\000z\000n\000a}{section.1}% 4
\BOOKMARK [2][-]{subsection.1.4}{\376\377\000P\000r\000z\000e\000s\000t\000r\000z\000e\001\104\000\040\000m\000e\000t\000r\000y\000c\000z\000n\000a\000\040\000d\000y\000s\000k\000r\000e\000t\000n\000a}{section.1}% 5
\BOOKMARK [2][-]{subsection.1.5}{\376\377\000M\000e\000t\000r\000y\000k\000a\000\040\000E\000u\000k\000l\000i\000d\000e\000s\000o\000w\000a}{section.1}% 6
\BOOKMARK [2][-]{subsection.1.6}{\376\377\000P\000r\000z\000e\000s\000t\000r\000z\000e\001\104\000\040\000H\000i\000l\000b\000e\000r\000t\000a}{section.1}% 7
\BOOKMARK [2][-]{subsection.1.7}{\376\377\000M\000e\000t\000r\000y\000k\000a\000\040\000M\000a\000n\000h\000a\000t\000t\000a\000n}{section.1}% 8
\BOOKMARK [1][-]{section.2}{\376\377\000W\000y\000k\001\102\000a\000d\000\040\000I\000I}{}% 9
\BOOKMARK [2][-]{subsection.2.1}{\376\377\000K\000u\000l\000a\000\040\000o\000t\000w\000a\000r\000t\000a}{section.2}% 10
\BOOKMARK [2][-]{subsection.2.2}{\376\377\000G\000r\000a\000n\000i\000c\000a\000\040\000p\000o\000d\000w\000\363\000j\000n\000a}{section.2}% 11
\BOOKMARK [2][-]{subsection.2.3}{\376\377\000G\000r\000a\000n\000i\000c\000e\000\040\000i\000t\000e\000r\000o\000w\000a\000n\000e}{section.2}% 12
\BOOKMARK [2][-]{subsection.2.4}{\376\377\000R\000\363\001\174\000n\000i\000c\000z\000k\000o\000w\000a\000n\000i\000e}{section.2}% 13
\BOOKMARK [1][-]{section.3}{\376\377\000W\000y\000k\001\102\000a\000d\000\040\000I\000I\000I}{}% 14
\BOOKMARK [2][-]{subsection.3.1}{\376\377\000P\000o\000c\000h\000o\000d\000n\000e\000\040\000c\000z\001\005\000s\000t\000k\000o\000w\000e}{section.3}% 15
\BOOKMARK [2][-]{subsection.3.2}{\376\377\000G\000r\000a\000d\000i\000e\000n\000t}{section.3}% 16
\BOOKMARK [2][-]{subsection.3.3}{\376\377\000W\001\102\000a\000s\000n\000o\001\133\000c\000i\000\040\000g\000r\000a\000d\000i\000e\000n\000t\000u}{section.3}% 17
\BOOKMARK [2][-]{subsection.3.4}{\376\377\000G\000r\000a\000d\000i\000e\000n\000t\000\040\000i\000l\000o\000c\000z\000y\000n\000u}{section.3}% 18
\BOOKMARK [2][-]{subsection.3.5}{\376\377\000M\000i\000n\000i\000m\000u\000m\000\040\000l\000o\000k\000a\000l\000n\000e\000\040\000w\001\102\000a\001\133\000c\000i\000w\000e}{section.3}% 19
\BOOKMARK [2][-]{subsection.3.6}{\376\377\000R\000\363\001\174\000n\000i\000c\000z\000k\000o\000w\000a\000n\000i\000e\000\040\000z\001\102\000o\001\174\000e\000n\000i\000a\000\040\000f\000u\000n\000k\000c\000j\000i}{section.3}% 20
\BOOKMARK [1][-]{section.4}{\376\377\000W\000y\000k\001\102\000a\000d\000\040\000I\000V}{}% 21
\BOOKMARK [2][-]{subsection.4.1}{\376\377\000O\000g\000\363\000l\000n\000y\000\040\000w\000z\000\363\000r\000\040\000T\000a\000y\000l\000o\000r\000a}{section.4}% 22
\BOOKMARK [1][-]{section.5}{\376\377\000W\000y\000k\001\102\000a\000d\000\040\000V}{}% 23
\BOOKMARK [2][-]{subsection.5.1}{\376\377\000F\000o\000r\000m\000a\000\040\000K\000w\000a\000d\000r\000a\000t\000o\000w\000a}{section.5}% 24
\BOOKMARK [2][-]{subsection.5.2}{\376\377\000J\000a\000c\000o\000b\000i\000a\000n\000\040\000f\000u\000n\000k\000c\000j\000i}{section.5}% 25
